<?xml version="1.0" encoding="UTF-8"?>
<!-- Generated by org.testng.reporters.JUnitXMLReporter -->
<testsuite ignored="0" hostname="LAPTOP-UTK009L5" failures="0" tests="4" name="Default test" time="39.661" errors="0" timestamp="2026-03-15T18:48:21 IST">
  <testcase classname="api.testcases.UserTest" name="testCreateUser" time="12.787"/>
  <testcase classname="api.testcases.UserTest" name="testGetUser" time="5.982"/>
  <testcase classname="api.testcases.UserTest" name="testUpdateUser" time="8.793"/>
  <testcase classname="api.testcases.UserTest" name="testDeleteUser" time="6.761"/>
</testsuite> <!-- Default test -->
