<?xml version="1.0" encoding="UTF-8"?>
<!-- Generated by org.testng.reporters.JUnitXMLReporter -->
<testsuite ignored="0" hostname="LAPTOP-UTK009L5" failures="0" tests="4" name="Default test" time="14.37" errors="0" timestamp="2026-03-14T19:36:29 IST">
  <testcase classname="api.testcases.UserTest" name="testCreateUser" time="7.92"/>
  <testcase classname="api.testcases.UserTest" name="testGetUser" time="1.423"/>
  <testcase classname="api.testcases.UserTest" name="testUpdateUser" time="2.855"/>
  <testcase classname="api.testcases.UserTest" name="testDeleteUser" time="1.64"/>
</testsuite> <!-- Default test -->
