<?xml version="1.0" encoding="UTF-8"?>
<!-- Generated by org.testng.reporters.JUnitXMLReporter -->
<testsuite ignored="0" hostname="LAPTOP-UTK009L5" failures="0" tests="4" name="Test" time="11.489" errors="0" timestamp="2026-03-15T15:22:39 IST">
  <testcase classname="api.testcases.UserTest" name="testCreateUser" time="4.268"/>
  <testcase classname="api.testcases.UserTest" name="testGetUser" time="1.392"/>
  <testcase classname="api.testcases.UserTest" name="testUpdateUser" time="2.831"/>
  <testcase classname="api.testcases.UserTest" name="testDeleteUser" time="1.341"/>
</testsuite> <!-- Test -->
