<?xml version="1.0" encoding="UTF-8"?>
<testng-results ignored="0" total="12" passed="12" failed="0" skipped="0">
  <reporter-output>
  </reporter-output>
  <suite started-at="2026-03-15T18:00:22 IST" name="Suite" finished-at="2026-03-15T18:00:52 IST" duration-ms="30241">
    <groups>
    </groups>
    <test started-at="2026-03-15T18:00:22 IST" name="Test" finished-at="2026-03-15T18:00:52 IST" duration-ms="30241">
      <class name="api.testcases.UserTestDataDriven">
        <test-method is-config="true" signature="setup()[pri:0, instance:api.testcases.UserTestDataDriven@35ef1869]" started-at="2026-03-15T18:00:23 IST" name="setup" finished-at="2026-03-15T18:00:23 IST" duration-ms="65" status="PASS">
          <reporter-output>
          </reporter-output>
        </test-method> <!-- setup -->
        <test-method signature="testCreateUser(java.lang.String,java.lang.String,java.lang.String,java.lang.String,java.lang.String,java.lang.String,java.lang.String)[pri:1, instance:api.testcases.UserTestDataDriven@35ef1869]" started-at="2026-03-15T18:00:26 IST" name="testCreateUser" data-provider="AllDataPvdr" finished-at="2026-03-15T18:00:33 IST" duration-ms="6621" status="PASS">
          <params>
            <param index="0">
              <value>
                <![CDATA[2020]]>
              </value>
            </param>
            <param index="1">
              <value>
                <![CDATA[user1]]>
              </value>
            </param>
            <param index="2">
              <value>
                <![CDATA[Rita]]>
              </value>
            </param>
            <param index="3">
              <value>
                <![CDATA[Gupta]]>
              </value>
            </param>
            <param index="4">
              <value>
                <![CDATA[a@gmail.com]]>
              </value>
            </param>
            <param index="5">
              <value>
                <![CDATA[test@1]]>
              </value>
            </param>
            <param index="6">
              <value>
                <![CDATA[1234564578]]>
              </value>
            </param>
          </params>
          <reporter-output>
          </reporter-output>
        </test-method> <!-- testCreateUser -->
        <test-method signature="testCreateUser(java.lang.String,java.lang.String,java.lang.String,java.lang.String,java.lang.String,java.lang.String,java.lang.String)[pri:1, instance:api.testcases.UserTestDataDriven@35ef1869]" started-at="2026-03-15T18:00:33 IST" name="testCreateUser" data-provider="AllDataPvdr" finished-at="2026-03-15T18:00:34 IST" duration-ms="1378" status="PASS">
          <params>
            <param index="0">
              <value>
                <![CDATA[2021]]>
              </value>
            </param>
            <param index="1">
              <value>
                <![CDATA[user2]]>
              </value>
            </param>
            <param index="2">
              <value>
                <![CDATA[Radha]]>
              </value>
            </param>
            <param index="3">
              <value>
                <![CDATA[Jain]]>
              </value>
            </param>
            <param index="4">
              <value>
                <![CDATA[b@gmail.com]]>
              </value>
            </param>
            <param index="5">
              <value>
                <![CDATA[test@2]]>
              </value>
            </param>
            <param index="6">
              <value>
                <![CDATA[1234564579]]>
              </value>
            </param>
          </params>
          <reporter-output>
          </reporter-output>
        </test-method> <!-- testCreateUser -->
        <test-method signature="testCreateUser(java.lang.String,java.lang.String,java.lang.String,java.lang.String,java.lang.String,java.lang.String,java.lang.String)[pri:1, instance:api.testcases.UserTestDataDriven@35ef1869]" started-at="2026-03-15T18:00:34 IST" name="testCreateUser" data-provider="AllDataPvdr" finished-at="2026-03-15T18:00:36 IST" duration-ms="1359" status="PASS">
          <params>
            <param index="0">
              <value>
                <![CDATA[2022]]>
              </value>
            </param>
            <param index="1">
              <value>
                <![CDATA[user3]]>
              </value>
            </param>
            <param index="2">
              <value>
                <![CDATA[Smitha]]>
              </value>
            </param>
            <param index="3">
              <value>
                <![CDATA[Pathak]]>
              </value>
            </param>
            <param index="4">
              <value>
                <![CDATA[c@gmail.com]]>
              </value>
            </param>
            <param index="5">
              <value>
                <![CDATA[test@3]]>
              </value>
            </param>
            <param index="6">
              <value>
                <![CDATA[1234564580]]>
              </value>
            </param>
          </params>
          <reporter-output>
          </reporter-output>
        </test-method> <!-- testCreateUser -->
        <test-method signature="testGetUser(java.lang.String)[pri:2, instance:api.testcases.UserTestDataDriven@35ef1869]" started-at="2026-03-15T18:00:36 IST" name="testGetUser" data-provider="UsernameDataPvdr" finished-at="2026-03-15T18:00:37 IST" duration-ms="1436" status="PASS">
          <params>
            <param index="0">
              <value>
                <![CDATA[user1]]>
              </value>
            </param>
          </params>
          <reporter-output>
          </reporter-output>
        </test-method> <!-- testGetUser -->
        <test-method signature="testGetUser(java.lang.String)[pri:2, instance:api.testcases.UserTestDataDriven@35ef1869]" started-at="2026-03-15T18:00:37 IST" name="testGetUser" data-provider="UsernameDataPvdr" finished-at="2026-03-15T18:00:38 IST" duration-ms="1383" status="PASS">
          <params>
            <param index="0">
              <value>
                <![CDATA[user2]]>
              </value>
            </param>
          </params>
          <reporter-output>
          </reporter-output>
        </test-method> <!-- testGetUser -->
        <test-method signature="testGetUser(java.lang.String)[pri:2, instance:api.testcases.UserTestDataDriven@35ef1869]" started-at="2026-03-15T18:00:38 IST" name="testGetUser" data-provider="UsernameDataPvdr" finished-at="2026-03-15T18:00:40 IST" duration-ms="1293" status="PASS">
          <params>
            <param index="0">
              <value>
                <![CDATA[user3]]>
              </value>
            </param>
          </params>
          <reporter-output>
          </reporter-output>
        </test-method> <!-- testGetUser -->
        <test-method signature="testUpdateUser(java.lang.String)[pri:3, instance:api.testcases.UserTestDataDriven@35ef1869]" started-at="2026-03-15T18:00:40 IST" name="testUpdateUser" data-provider="UsernameDataPvdr" finished-at="2026-03-15T18:00:42 IST" duration-ms="2668" status="PASS">
          <params>
            <param index="0">
              <value>
                <![CDATA[user1]]>
              </value>
            </param>
          </params>
          <reporter-output>
          </reporter-output>
        </test-method> <!-- testUpdateUser -->
        <test-method signature="testUpdateUser(java.lang.String)[pri:3, instance:api.testcases.UserTestDataDriven@35ef1869]" started-at="2026-03-15T18:00:42 IST" name="testUpdateUser" data-provider="UsernameDataPvdr" finished-at="2026-03-15T18:00:45 IST" duration-ms="2805" status="PASS">
          <params>
            <param index="0">
              <value>
                <![CDATA[user2]]>
              </value>
            </param>
          </params>
          <reporter-output>
          </reporter-output>
        </test-method> <!-- testUpdateUser -->
        <test-method signature="testUpdateUser(java.lang.String)[pri:3, instance:api.testcases.UserTestDataDriven@35ef1869]" started-at="2026-03-15T18:00:45 IST" name="testUpdateUser" data-provider="UsernameDataPvdr" finished-at="2026-03-15T18:00:48 IST" duration-ms="2722" status="PASS">
          <params>
            <param index="0">
              <value>
                <![CDATA[user3]]>
              </value>
            </param>
          </params>
          <reporter-output>
          </reporter-output>
        </test-method> <!-- testUpdateUser -->
        <test-method signature="testDeleteUser(java.lang.String)[pri:4, instance:api.testcases.UserTestDataDriven@35ef1869]" started-at="2026-03-15T18:00:48 IST" name="testDeleteUser" data-provider="UsernameDataPvdr" finished-at="2026-03-15T18:00:50 IST" duration-ms="1489" status="PASS">
          <params>
            <param index="0">
              <value>
                <![CDATA[user1]]>
              </value>
            </param>
          </params>
          <reporter-output>
          </reporter-output>
        </test-method> <!-- testDeleteUser -->
        <test-method signature="testDeleteUser(java.lang.String)[pri:4, instance:api.testcases.UserTestDataDriven@35ef1869]" started-at="2026-03-15T18:00:50 IST" name="testDeleteUser" data-provider="UsernameDataPvdr" finished-at="2026-03-15T18:00:51 IST" duration-ms="1398" status="PASS">
          <params>
            <param index="0">
              <value>
                <![CDATA[user2]]>
              </value>
            </param>
          </params>
          <reporter-output>
          </reporter-output>
        </test-method> <!-- testDeleteUser -->
        <test-method signature="testDeleteUser(java.lang.String)[pri:4, instance:api.testcases.UserTestDataDriven@35ef1869]" started-at="2026-03-15T18:00:51 IST" name="testDeleteUser" data-provider="UsernameDataPvdr" finished-at="2026-03-15T18:00:52 IST" duration-ms="1368" status="PASS">
          <params>
            <param index="0">
              <value>
                <![CDATA[user3]]>
              </value>
            </param>
          </params>
          <reporter-output>
          </reporter-output>
        </test-method> <!-- testDeleteUser -->
      </class> <!-- api.testcases.UserTestDataDriven -->
    </test> <!-- Test -->
  </suite> <!-- Suite -->
</testng-results>
