<?xml version="1.0" encoding="UTF-8"?>
<testsuite xmlns:xsi="http://www.w3.org/2001/XMLSchema-instance" xsi:noNamespaceSchemaLocation="https://maven.apache.org/surefire/maven-surefire-plugin/xsd/surefire-test-report.xsd" version="3.0.2" name="TestSuite" time="32.042" tests="12" errors="0" skipped="0" failures="0">
  <properties>
[...]
</properties>
  <testcase name="testCreateUser[2020, user1, Rita, Gupta, a@gmail.com, test@1, 1234564578](1)" classname="api.testcases.UserTestDataDriven" time="6.624">
    <system-out><![CDATA[On Start method invoked....
Total number of Rows and Columns: 3  , 7
2020
user1
Rita
Gupta
a@gmail.com
test@1
1234564578
2021
user2
Radha
Jain
b@gmail.com
test@2
1234564579
2022
user3
Smitha
Pathak
c@gmail.com
test@3
1234564580
Name of test method started:testCreateUser
Data From Excel Sheet : 2020 : user1
HTTP/1.1 200 OK
Date: Sun, 15 Mar 2026 12:30:33 GMT
Content-Type: application/json
Transfer-Encoding: chunked
Connection: keep-alive
Access-Control-Allow-Origin: *
Access-Control-Allow-Methods: GET, POST, DELETE, PUT
Access-Control-Allow-Headers: Content-Type, api_key, Authorization
Server: Jetty(9.2.9.v20150224)

{
    "code": 200,
    "type": "unknown",
    "message": "2020"
}
Name of test method sucessfully executed:testCreateUser
]]></system-out>
    <system-err><![CDATA[SLF4J: Failed to load class "org.slf4j.impl.StaticLoggerBinder".
SLF4J: Defaulting to no-operation (NOP) logger implementation
SLF4J: See http://www.slf4j.org/codes.html#StaticLoggerBinder for further details.
]]></system-err>
  </testcase>
  <testcase name="testCreateUser[2021, user2, Radha, Jain, b@gmail.com, test@2, 1234564579](2)" classname="api.testcases.UserTestDataDriven" time="1.371">
    <system-out><![CDATA[Name of test method started:testCreateUser
Data From Excel Sheet : 2021 : user2
HTTP/1.1 200 OK
Date: Sun, 15 Mar 2026 12:30:34 GMT
Content-Type: application/json
Transfer-Encoding: chunked
Connection: keep-alive
Access-Control-Allow-Origin: *
Access-Control-Allow-Methods: GET, POST, DELETE, PUT
Access-Control-Allow-Headers: Content-Type, api_key, Authorization
Server: Jetty(9.2.9.v20150224)

{
    "code": 200,
    "type": "unknown",
    "message": "2021"
}
Name of test method sucessfully executed:testCreateUser
]]></system-out>
  </testcase>
  <testcase name="testCreateUser[2022, user3, Smitha, Pathak, c@gmail.com, test@3, 1234564580](3)" classname="api.testcases.UserTestDataDriven" time="1.361">
    <system-out><![CDATA[Name of test method started:testCreateUser
Data From Excel Sheet : 2022 : user3
HTTP/1.1 200 OK
Date: Sun, 15 Mar 2026 12:30:36 GMT
Content-Type: application/json
Transfer-Encoding: chunked
Connection: keep-alive
Access-Control-Allow-Origin: *
Access-Control-Allow-Methods: GET, POST, DELETE, PUT
Access-Control-Allow-Headers: Content-Type, api_key, Authorization
Server: Jetty(9.2.9.v20150224)

{
    "code": 200,
    "type": "unknown",
    "message": "2022"
}
Name of test method sucessfully executed:testCreateUser
]]></system-out>
  </testcase>
  <testcase name="testGetUser[user1](1)" classname="api.testcases.UserTestDataDriven" time="1.438">
    <system-out><![CDATA[user1
user2
user3
Name of test method started:testGetUser
HTTP/1.1 200 OK
Date: Sun, 15 Mar 2026 12:30:37 GMT
Content-Type: application/json
Transfer-Encoding: chunked
Connection: keep-alive
Access-Control-Allow-Origin: *
Access-Control-Allow-Methods: GET, POST, DELETE, PUT
Access-Control-Allow-Headers: Content-Type, api_key, Authorization
Server: Jetty(9.2.9.v20150224)

{
    "id": 2020,
    "username": "user1",
    "firstName": "Rita",
    "lastName": "Gupta",
    "email": "a@gmail.com",
    "password": "test@1",
    "phone": "1234564578",
    "userStatus": 0
}
Name of test method sucessfully executed:testGetUser
]]></system-out>
  </testcase>
  <testcase name="testGetUser[user2](2)" classname="api.testcases.UserTestDataDriven" time="1.38">
    <system-out><![CDATA[Name of test method started:testGetUser
HTTP/1.1 200 OK
Date: Sun, 15 Mar 2026 12:30:38 GMT
Content-Type: application/json
Transfer-Encoding: chunked
Connection: keep-alive
Access-Control-Allow-Origin: *
Access-Control-Allow-Methods: GET, POST, DELETE, PUT
Access-Control-Allow-Headers: Content-Type, api_key, Authorization
Server: Jetty(9.2.9.v20150224)

{
    "id": 2021,
    "username": "user2",
    "firstName": "Radha",
    "lastName": "Jain",
    "email": "b@gmail.com",
    "password": "test@2",
    "phone": "1234564579",
    "userStatus": 0
}
Name of test method sucessfully executed:testGetUser
]]></system-out>
  </testcase>
  <testcase name="testGetUser[user3](3)" classname="api.testcases.UserTestDataDriven" time="1.299">
    <system-out><![CDATA[Name of test method started:testGetUser
HTTP/1.1 200 OK
Date: Sun, 15 Mar 2026 12:30:40 GMT
Content-Type: application/json
Transfer-Encoding: chunked
Connection: keep-alive
Access-Control-Allow-Origin: *
Access-Control-Allow-Methods: GET, POST, DELETE, PUT
Access-Control-Allow-Headers: Content-Type, api_key, Authorization
Server: Jetty(9.2.9.v20150224)

{
    "id": 2022,
    "username": "user3",
    "firstName": "Smitha",
    "lastName": "Pathak",
    "email": "c@gmail.com",
    "password": "test@3",
    "phone": "1234564580",
    "userStatus": 0
}
Name of test method sucessfully executed:testGetUser
]]></system-out>
  </testcase>
  <testcase name="testUpdateUser[user1](1)" classname="api.testcases.UserTestDataDriven" time="2.667">
    <system-out><![CDATA[user1
user2
user3
Name of test method started:testUpdateUser
HTTP/1.1 200 OK
Date: Sun, 15 Mar 2026 12:30:41 GMT
Content-Type: application/json
Transfer-Encoding: chunked
Connection: keep-alive
Access-Control-Allow-Origin: *
Access-Control-Allow-Methods: GET, POST, DELETE, PUT
Access-Control-Allow-Headers: Content-Type, api_key, Authorization
Server: Jetty(9.2.9.v20150224)

{
    "code": 200,
    "type": "unknown",
    "message": "2022"
}
Updated User Data
HTTP/1.1 200 OK
Date: Sun, 15 Mar 2026 12:30:43 GMT
Content-Type: application/json
Transfer-Encoding: chunked
Connection: keep-alive
Access-Control-Allow-Origin: *
Access-Control-Allow-Methods: GET, POST, DELETE, PUT
Access-Control-Allow-Headers: Content-Type, api_key, Authorization
Server: Jetty(9.2.9.v20150224)

{
    "id": 2020,
    "username": "user1",
    "firstName": "Rita",
    "lastName": "Gupta",
    "email": "a@gmail.com",
    "password": "test@1",
    "phone": "1234564578",
    "userStatus": 0
}
Name of test method sucessfully executed:testUpdateUser
]]></system-out>
  </testcase>
  <testcase name="testUpdateUser[user2](2)" classname="api.testcases.UserTestDataDriven" time="2.813">
    <system-out><![CDATA[Name of test method started:testUpdateUser
HTTP/1.1 200 OK
Date: Sun, 15 Mar 2026 12:30:44 GMT
Content-Type: application/json
Transfer-Encoding: chunked
Connection: keep-alive
Access-Control-Allow-Origin: *
Access-Control-Allow-Methods: GET, POST, DELETE, PUT
Access-Control-Allow-Headers: Content-Type, api_key, Authorization
Server: Jetty(9.2.9.v20150224)

{
    "code": 200,
    "type": "unknown",
    "message": "2022"
}
Updated User Data
HTTP/1.1 200 OK
Date: Sun, 15 Mar 2026 12:30:45 GMT
Content-Type: application/json
Transfer-Encoding: chunked
Connection: keep-alive
Access-Control-Allow-Origin: *
Access-Control-Allow-Methods: GET, POST, DELETE, PUT
Access-Control-Allow-Headers: Content-Type, api_key, Authorization
Server: Jetty(9.2.9.v20150224)

{
    "id": 2021,
    "username": "user2",
    "firstName": "Radha",
    "lastName": "Jain",
    "email": "b@gmail.com",
    "password": "test@2",
    "phone": "1234564579",
    "userStatus": 0
}
Name of test method sucessfully executed:testUpdateUser
]]></system-out>
  </testcase>
  <testcase name="testUpdateUser[user3](3)" classname="api.testcases.UserTestDataDriven" time="2.723">
    <system-out><![CDATA[Name of test method started:testUpdateUser
HTTP/1.1 200 OK
Date: Sun, 15 Mar 2026 12:30:47 GMT
Content-Type: application/json
Transfer-Encoding: chunked
Connection: keep-alive
Access-Control-Allow-Origin: *
Access-Control-Allow-Methods: GET, POST, DELETE, PUT
Access-Control-Allow-Headers: Content-Type, api_key, Authorization
Server: Jetty(9.2.9.v20150224)

{
    "code": 200,
    "type": "unknown",
    "message": "2022"
}
Updated User Data
HTTP/1.1 200 OK
Date: Sun, 15 Mar 2026 12:30:48 GMT
Content-Type: application/json
Transfer-Encoding: chunked
Connection: keep-alive
Access-Control-Allow-Origin: *
Access-Control-Allow-Methods: GET, POST, DELETE, PUT
Access-Control-Allow-Headers: Content-Type, api_key, Authorization
Server: Jetty(9.2.9.v20150224)

{
    "id": 2022,
    "username": "user3",
    "firstName": "Kowslaya",
    "lastName": "Pathak",
    "email": "c@gmail.com",
    "password": "test@3",
    "phone": "1234564580",
    "userStatus": 0
}
Name of test method sucessfully executed:testUpdateUser
]]></system-out>
  </testcase>
  <testcase name="testDeleteUser[user1](1)" classname="api.testcases.UserTestDataDriven" time="1.484">
    <system-out><![CDATA[user1
user2
user3
Name of test method started:testDeleteUser
HTTP/1.1 200 OK
Date: Sun, 15 Mar 2026 12:30:50 GMT
Content-Type: application/json
Transfer-Encoding: chunked
Connection: keep-alive
Access-Control-Allow-Origin: *
Access-Control-Allow-Methods: GET, POST, DELETE, PUT
Access-Control-Allow-Headers: Content-Type, api_key, Authorization
Server: Jetty(9.2.9.v20150224)

{
    "code": 200,
    "type": "unknown",
    "message": "user1"
}
Delete Status code 200 Delete Status message HTTP/1.1 200 OK
Name of test method sucessfully executed:testDeleteUser
]]></system-out>
  </testcase>
  <testcase name="testDeleteUser[user2](2)" classname="api.testcases.UserTestDataDriven" time="1.398">
    <system-out><![CDATA[Name of test method started:testDeleteUser
HTTP/1.1 200 OK
Date: Sun, 15 Mar 2026 12:30:51 GMT
Content-Type: application/json
Transfer-Encoding: chunked
Connection: keep-alive
Access-Control-Allow-Origin: *
Access-Control-Allow-Methods: GET, POST, DELETE, PUT
Access-Control-Allow-Headers: Content-Type, api_key, Authorization
Server: Jetty(9.2.9.v20150224)

{
    "code": 200,
    "type": "unknown",
    "message": "user2"
}
Delete Status code 200 Delete Status message HTTP/1.1 200 OK
Name of test method sucessfully executed:testDeleteUser
]]></system-out>
  </testcase>
  <testcase name="testDeleteUser[user3](3)" classname="api.testcases.UserTestDataDriven" time="1.368">
    <system-out><![CDATA[Name of test method started:testDeleteUser
HTTP/1.1 200 OK
Date: Sun, 15 Mar 2026 12:30:52 GMT
Content-Type: application/json
Transfer-Encoding: chunked
Connection: keep-alive
Access-Control-Allow-Origin: *
Access-Control-Allow-Methods: GET, POST, DELETE, PUT
Access-Control-Allow-Headers: Content-Type, api_key, Authorization
Server: Jetty(9.2.9.v20150224)

{
    "code": 200,
    "type": "unknown",
    "message": "user3"
}
Delete Status code 200 Delete Status message HTTP/1.1 200 OK
Name of test method sucessfully executed:testDeleteUser
]]></system-out>
  </testcase>
</testsuite>