<?xml version="1.0" encoding="UTF-8"?>
<testng-results ignored="0" total="4" passed="4" failed="0" skipped="0">
  <reporter-output>
  </reporter-output>
  <suite started-at="2026-03-15T15:22:27 IST" name="Suite" finished-at="2026-03-15T15:22:39 IST" duration-ms="11489">
    <groups>
    </groups>
    <test started-at="2026-03-15T15:22:27 IST" name="Test" finished-at="2026-03-15T15:22:39 IST" duration-ms="11489">
      <class name="api.testcases.UserTest">
        <test-method is-config="true" signature="generateTestData()[pri:0, instance:api.testcases.UserTest@291ae]" started-at="2026-03-15T15:22:28 IST" name="generateTestData" finished-at="2026-03-15T15:22:29 IST" duration-ms="1234" status="PASS">
          <reporter-output>
          </reporter-output>
        </test-method> <!-- generateTestData -->
        <test-method signature="testCreateUser()[pri:1, instance:api.testcases.UserTest@291ae]" started-at="2026-03-15T15:22:29 IST" name="testCreateUser" finished-at="2026-03-15T15:22:33 IST" duration-ms="4268" status="PASS">
          <reporter-output>
          </reporter-output>
        </test-method> <!-- testCreateUser -->
        <test-method signature="testGetUser()[pri:2, instance:api.testcases.UserTest@291ae]" started-at="2026-03-15T15:22:33 IST" name="testGetUser" finished-at="2026-03-15T15:22:35 IST" duration-ms="1392" status="PASS">
          <reporter-output>
          </reporter-output>
        </test-method> <!-- testGetUser -->
        <test-method signature="testUpdateUser()[pri:3, instance:api.testcases.UserTest@291ae]" started-at="2026-03-15T15:22:35 IST" name="testUpdateUser" finished-at="2026-03-15T15:22:38 IST" duration-ms="2831" status="PASS">
          <reporter-output>
          </reporter-output>
        </test-method> <!-- testUpdateUser -->
        <test-method signature="testDeleteUser()[pri:4, instance:api.testcases.UserTest@291ae]" started-at="2026-03-15T15:22:38 IST" name="testDeleteUser" finished-at="2026-03-15T15:22:39 IST" duration-ms="1341" status="PASS">
          <reporter-output>
          </reporter-output>
        </test-method> <!-- testDeleteUser -->
      </class> <!-- api.testcases.UserTest -->
    </test> <!-- Test -->
  </suite> <!-- Suite -->
</testng-results>
