<?xml version="1.0" encoding="UTF-8"?>
<testsuite xmlns:xsi="http://www.w3.org/2001/XMLSchema-instance" xsi:noNamespaceSchemaLocation="https://maven.apache.org/surefire/maven-surefire-plugin/xsd/surefire-test-report.xsd" version="3.0.2" name="TestSuite" time="12.704" tests="4" errors="0" skipped="0" failures="0">
  <properties>
[...]
</properties>
  <testcase name="testCreateUser" classname="api.testcases.UserTest" time="4.285">
    <system-out><![CDATA[On Start method invoked....
username : larissa.cartwright
Name of test method started:testCreateUser
HTTP/1.1 200 OK
Date: Sun, 15 Mar 2026 09:52:33 GMT
Content-Type: application/json
Transfer-Encoding: chunked
Connection: keep-alive
Access-Control-Allow-Origin: *
Access-Control-Allow-Methods: GET, POST, DELETE, PUT
Access-Control-Allow-Headers: Content-Type, api_key, Authorization
Server: Jetty(9.2.9.v20150224)

{
    "code": 200,
    "type": "unknown",
    "message": "1766911337"
}
[INFO ] 2026-03-15 15:22:33.841 [main] RestAssuredAPITesting - Create User Executed
Name of test method sucessfully executed:testCreateUser
]]></system-out>
    <system-err><![CDATA[SLF4J: Failed to load class "org.slf4j.impl.StaticLoggerBinder".
SLF4J: Defaulting to no-operation (NOP) logger implementation
SLF4J: See http://www.slf4j.org/codes.html#StaticLoggerBinder for further details.
]]></system-err>
  </testcase>
  <testcase name="testGetUser" classname="api.testcases.UserTest" time="1.389">
    <system-out><![CDATA[Name of test method started:testGetUser
HTTP/1.1 200 OK
Date: Sun, 15 Mar 2026 09:52:35 GMT
Content-Type: application/json
Transfer-Encoding: chunked
Connection: keep-alive
Access-Control-Allow-Origin: *
Access-Control-Allow-Methods: GET, POST, DELETE, PUT
Access-Control-Allow-Headers: Content-Type, api_key, Authorization
Server: Jetty(9.2.9.v20150224)

{
    "id": 1766911337,
    "username": "larissa.cartwright",
    "firstName": "Maria",
    "lastName": "Hintz",
    "email": "neda.cummerata@example.com",
    "password": "mnrzs",
    "phone": "1-516-762-9882",
    "userStatus": 0
}
[INFO ] 2026-03-15 15:22:35.256 [main] RestAssuredAPITesting - Get User Executed
Name of test method sucessfully executed:testGetUser
]]></system-out>
  </testcase>
  <testcase name="testUpdateUser" classname="api.testcases.UserTest" time="2.833">
    <system-out><![CDATA[Name of test method started:testUpdateUser
HTTP/1.1 200 OK
Date: Sun, 15 Mar 2026 09:52:36 GMT
Content-Type: application/json
Transfer-Encoding: chunked
Connection: keep-alive
Access-Control-Allow-Origin: *
Access-Control-Allow-Methods: GET, POST, DELETE, PUT
Access-Control-Allow-Headers: Content-Type, api_key, Authorization
Server: Jetty(9.2.9.v20150224)

{
    "code": 200,
    "type": "unknown",
    "message": "1766911337"
}
Updated User Data
HTTP/1.1 200 OK
Date: Sun, 15 Mar 2026 09:52:38 GMT
Content-Type: application/json
Transfer-Encoding: chunked
Connection: keep-alive
Access-Control-Allow-Origin: *
Access-Control-Allow-Methods: GET, POST, DELETE, PUT
Access-Control-Allow-Headers: Content-Type, api_key, Authorization
Server: Jetty(9.2.9.v20150224)

{
    "id": 1766911337,
    "username": "larissa.cartwright",
    "firstName": "Isa",
    "lastName": "Hintz",
    "email": "neda.cummerata@example.com",
    "password": "mnrzs",
    "phone": "1-516-762-9882",
    "userStatus": 0
}
[INFO ] 2026-03-15 15:22:38.089 [main] RestAssuredAPITesting - Update User Executed
Name of test method sucessfully executed:testUpdateUser
]]></system-out>
  </testcase>
  <testcase name="testDeleteUser" classname="api.testcases.UserTest" time="1.344">
    <system-out><![CDATA[Name of test method started:testDeleteUser
HTTP/1.1 200 OK
Date: Sun, 15 Mar 2026 09:52:39 GMT
Content-Type: application/json
Transfer-Encoding: chunked
Connection: keep-alive
Access-Control-Allow-Origin: *
Access-Control-Allow-Methods: GET, POST, DELETE, PUT
Access-Control-Allow-Headers: Content-Type, api_key, Authorization
Server: Jetty(9.2.9.v20150224)

{
    "code": 200,
    "type": "unknown",
    "message": "larissa.cartwright"
}
Delete Status code 200 Delete Status message HTTP/1.1 200 OK
[INFO ] 2026-03-15 15:22:39.431 [main] RestAssuredAPITesting - Delete User Executed
Name of test method sucessfully executed:testDeleteUser
]]></system-out>
  </testcase>
</testsuite>