<?xml version="1.0" encoding="UTF-8"?>
<testng-results ignored="0" total="12" passed="12" failed="0" skipped="0">
  <reporter-output>
  </reporter-output>
  <suite started-at="2026-03-14T14:35:01 IST" name="Default suite" finished-at="2026-03-14T14:35:26 IST" duration-ms="25423">
    <groups>
    </groups>
    <test started-at="2026-03-14T14:35:01 IST" name="Default test" finished-at="2026-03-14T14:35:26 IST" duration-ms="25423">
      <class name="api.testcases.UserTestDataDriven">
        <test-method is-config="true" signature="setup()[pri:0, instance:api.testcases.UserTestDataDriven@689604d9]" started-at="2026-03-14T14:35:01 IST" name="setup" finished-at="2026-03-14T14:35:01 IST" duration-ms="14" status="PASS">
          <reporter-output>
          </reporter-output>
        </test-method> <!-- setup -->
        <test-method signature="testCreateUser(java.lang.String,java.lang.String,java.lang.String,java.lang.String,java.lang.String,java.lang.String,java.lang.String)[pri:1, instance:api.testcases.UserTestDataDriven@689604d9]" started-at="2026-03-14T14:35:02 IST" name="testCreateUser" data-provider="AllDataPvdr" finished-at="2026-03-14T14:35:06 IST" duration-ms="4372" status="PASS">
          <params>
            <param index="0">
              <value>
                <![CDATA[2020]]>
              </value>
            </param>
            <param index="1">
              <value>
                <![CDATA[user1]]>
              </value>
            </param>
            <param index="2">
              <value>
                <![CDATA[Rita]]>
              </value>
            </param>
            <param index="3">
              <value>
                <![CDATA[Gupta]]>
              </value>
            </param>
            <param index="4">
              <value>
                <![CDATA[a@gmail.com]]>
              </value>
            </param>
            <param index="5">
              <value>
                <![CDATA[test@1]]>
              </value>
            </param>
            <param index="6">
              <value>
                <![CDATA[1234564578]]>
              </value>
            </param>
          </params>
          <reporter-output>
          </reporter-output>
        </test-method> <!-- testCreateUser -->
        <test-method signature="testCreateUser(java.lang.String,java.lang.String,java.lang.String,java.lang.String,java.lang.String,java.lang.String,java.lang.String)[pri:1, instance:api.testcases.UserTestDataDriven@689604d9]" started-at="2026-03-14T14:35:06 IST" name="testCreateUser" data-provider="AllDataPvdr" finished-at="2026-03-14T14:35:08 IST" duration-ms="1439" status="PASS">
          <params>
            <param index="0">
              <value>
                <![CDATA[2021]]>
              </value>
            </param>
            <param index="1">
              <value>
                <![CDATA[user2]]>
              </value>
            </param>
            <param index="2">
              <value>
                <![CDATA[Radha]]>
              </value>
            </param>
            <param index="3">
              <value>
                <![CDATA[Jain]]>
              </value>
            </param>
            <param index="4">
              <value>
                <![CDATA[b@gmail.com]]>
              </value>
            </param>
            <param index="5">
              <value>
                <![CDATA[test@2]]>
              </value>
            </param>
            <param index="6">
              <value>
                <![CDATA[1234564579]]>
              </value>
            </param>
          </params>
          <reporter-output>
          </reporter-output>
        </test-method> <!-- testCreateUser -->
        <test-method signature="testCreateUser(java.lang.String,java.lang.String,java.lang.String,java.lang.String,java.lang.String,java.lang.String,java.lang.String)[pri:1, instance:api.testcases.UserTestDataDriven@689604d9]" started-at="2026-03-14T14:35:08 IST" name="testCreateUser" data-provider="AllDataPvdr" finished-at="2026-03-14T14:35:09 IST" duration-ms="1321" status="PASS">
          <params>
            <param index="0">
              <value>
                <![CDATA[2022]]>
              </value>
            </param>
            <param index="1">
              <value>
                <![CDATA[user3]]>
              </value>
            </param>
            <param index="2">
              <value>
                <![CDATA[Smitha]]>
              </value>
            </param>
            <param index="3">
              <value>
                <![CDATA[Pathak]]>
              </value>
            </param>
            <param index="4">
              <value>
                <![CDATA[c@gmail.com]]>
              </value>
            </param>
            <param index="5">
              <value>
                <![CDATA[test@3]]>
              </value>
            </param>
            <param index="6">
              <value>
                <![CDATA[1234564580]]>
              </value>
            </param>
          </params>
          <reporter-output>
          </reporter-output>
        </test-method> <!-- testCreateUser -->
        <test-method signature="testGetUser(java.lang.String)[pri:2, instance:api.testcases.UserTestDataDriven@689604d9]" started-at="2026-03-14T14:35:09 IST" name="testGetUser" data-provider="UsernameDataPvdr" finished-at="2026-03-14T14:35:10 IST" duration-ms="1389" status="PASS">
          <params>
            <param index="0">
              <value>
                <![CDATA[user1]]>
              </value>
            </param>
          </params>
          <reporter-output>
          </reporter-output>
        </test-method> <!-- testGetUser -->
        <test-method signature="testGetUser(java.lang.String)[pri:2, instance:api.testcases.UserTestDataDriven@689604d9]" started-at="2026-03-14T14:35:10 IST" name="testGetUser" data-provider="UsernameDataPvdr" finished-at="2026-03-14T14:35:12 IST" duration-ms="1326" status="PASS">
          <params>
            <param index="0">
              <value>
                <![CDATA[user2]]>
              </value>
            </param>
          </params>
          <reporter-output>
          </reporter-output>
        </test-method> <!-- testGetUser -->
        <test-method signature="testGetUser(java.lang.String)[pri:2, instance:api.testcases.UserTestDataDriven@689604d9]" started-at="2026-03-14T14:35:12 IST" name="testGetUser" data-provider="UsernameDataPvdr" finished-at="2026-03-14T14:35:13 IST" duration-ms="1439" status="PASS">
          <params>
            <param index="0">
              <value>
                <![CDATA[user3]]>
              </value>
            </param>
          </params>
          <reporter-output>
          </reporter-output>
        </test-method> <!-- testGetUser -->
        <test-method signature="testUpdateUser(java.lang.String)[pri:3, instance:api.testcases.UserTestDataDriven@689604d9]" started-at="2026-03-14T14:35:13 IST" name="testUpdateUser" data-provider="UsernameDataPvdr" finished-at="2026-03-14T14:35:16 IST" duration-ms="2650" status="PASS">
          <params>
            <param index="0">
              <value>
                <![CDATA[user1]]>
              </value>
            </param>
          </params>
          <reporter-output>
          </reporter-output>
        </test-method> <!-- testUpdateUser -->
        <test-method signature="testUpdateUser(java.lang.String)[pri:3, instance:api.testcases.UserTestDataDriven@689604d9]" started-at="2026-03-14T14:35:16 IST" name="testUpdateUser" data-provider="UsernameDataPvdr" finished-at="2026-03-14T14:35:18 IST" duration-ms="2650" status="PASS">
          <params>
            <param index="0">
              <value>
                <![CDATA[user2]]>
              </value>
            </param>
          </params>
          <reporter-output>
          </reporter-output>
        </test-method> <!-- testUpdateUser -->
        <test-method signature="testUpdateUser(java.lang.String)[pri:3, instance:api.testcases.UserTestDataDriven@689604d9]" started-at="2026-03-14T14:35:18 IST" name="testUpdateUser" data-provider="UsernameDataPvdr" finished-at="2026-03-14T14:35:22 IST" duration-ms="3463" status="PASS">
          <params>
            <param index="0">
              <value>
                <![CDATA[user3]]>
              </value>
            </param>
          </params>
          <reporter-output>
          </reporter-output>
        </test-method> <!-- testUpdateUser -->
        <test-method signature="testDeleteUser(java.lang.String)[pri:4, instance:api.testcases.UserTestDataDriven@689604d9]" started-at="2026-03-14T14:35:22 IST" name="testDeleteUser" data-provider="UsernameDataPvdr" finished-at="2026-03-14T14:35:23 IST" duration-ms="1425" status="PASS">
          <params>
            <param index="0">
              <value>
                <![CDATA[user1]]>
              </value>
            </param>
          </params>
          <reporter-output>
          </reporter-output>
        </test-method> <!-- testDeleteUser -->
        <test-method signature="testDeleteUser(java.lang.String)[pri:4, instance:api.testcases.UserTestDataDriven@689604d9]" started-at="2026-03-14T14:35:23 IST" name="testDeleteUser" data-provider="UsernameDataPvdr" finished-at="2026-03-14T14:35:25 IST" duration-ms="1358" status="PASS">
          <params>
            <param index="0">
              <value>
                <![CDATA[user2]]>
              </value>
            </param>
          </params>
          <reporter-output>
          </reporter-output>
        </test-method> <!-- testDeleteUser -->
        <test-method signature="testDeleteUser(java.lang.String)[pri:4, instance:api.testcases.UserTestDataDriven@689604d9]" started-at="2026-03-14T14:35:25 IST" name="testDeleteUser" data-provider="UsernameDataPvdr" finished-at="2026-03-14T14:35:26 IST" duration-ms="1418" status="PASS">
          <params>
            <param index="0">
              <value>
                <![CDATA[user3]]>
              </value>
            </param>
          </params>
          <reporter-output>
          </reporter-output>
        </test-method> <!-- testDeleteUser -->
      </class> <!-- api.testcases.UserTestDataDriven -->
    </test> <!-- Default test -->
  </suite> <!-- Default suite -->
</testng-results>
