<?xml version="1.0" encoding="UTF-8"?>
<!-- Generated by org.testng.reporters.JUnitReportReporter -->
<testsuite hostname="LAPTOP-UTK009L5" failures="0" tests="12" name="api.testcases.UserTestDataDriven" time="24.250" errors="0" timestamp="2026-03-14T14:35:26 IST" skipped="0">
  <testcase classname="api.testcases.UserTestDataDriven" name="testCreateUser" time="1.439"/>
  <testcase classname="api.testcases.UserTestDataDriven" name="testCreateUser" time="4.372"/>
  <testcase classname="api.testcases.UserTestDataDriven" name="testCreateUser" time="1.321"/>
  <testcase classname="api.testcases.UserTestDataDriven" name="testGetUser" time="1.389"/>
  <testcase classname="api.testcases.UserTestDataDriven" name="testGetUser" time="1.439"/>
  <testcase classname="api.testcases.UserTestDataDriven" name="testGetUser" time="1.326"/>
  <testcase classname="api.testcases.UserTestDataDriven" name="testUpdateUser" time="2.650"/>
  <testcase classname="api.testcases.UserTestDataDriven" name="testUpdateUser" time="2.650"/>
  <testcase classname="api.testcases.UserTestDataDriven" name="testUpdateUser" time="3.463"/>
  <testcase classname="api.testcases.UserTestDataDriven" name="testDeleteUser" time="1.418"/>
  <testcase classname="api.testcases.UserTestDataDriven" name="testDeleteUser" time="1.358"/>
  <testcase classname="api.testcases.UserTestDataDriven" name="testDeleteUser" time="1.425"/>
</testsuite> <!-- api.testcases.UserTestDataDriven -->
