<?xml version="1.0" encoding="UTF-8"?>
<!-- Generated by org.testng.reporters.JUnitReportReporter -->
<testsuite hostname="LAPTOP-UTK009L5" failures="0" tests="12" name="api.testcases.UserTestDataDriven" time="33.639" errors="0" timestamp="2026-03-14T19:35:11 IST" skipped="0">
  <testcase classname="api.testcases.UserTestDataDriven" name="testCreateUser" time="1.486"/>
  <testcase classname="api.testcases.UserTestDataDriven" name="testCreateUser" time="10.983"/>
  <testcase classname="api.testcases.UserTestDataDriven" name="testCreateUser" time="2.197"/>
  <testcase classname="api.testcases.UserTestDataDriven" name="testGetUser" time="2.566"/>
  <testcase classname="api.testcases.UserTestDataDriven" name="testGetUser" time="1.359"/>
  <testcase classname="api.testcases.UserTestDataDriven" name="testGetUser" time="1.952"/>
  <testcase classname="api.testcases.UserTestDataDriven" name="testUpdateUser" time="2.879"/>
  <testcase classname="api.testcases.UserTestDataDriven" name="testUpdateUser" time="2.868"/>
  <testcase classname="api.testcases.UserTestDataDriven" name="testUpdateUser" time="2.947"/>
  <testcase classname="api.testcases.UserTestDataDriven" name="testDeleteUser" time="1.400"/>
  <testcase classname="api.testcases.UserTestDataDriven" name="testDeleteUser" time="1.537"/>
  <testcase classname="api.testcases.UserTestDataDriven" name="testDeleteUser" time="1.465"/>
</testsuite> <!-- api.testcases.UserTestDataDriven -->
