<?xml version="1.0" encoding="UTF-8"?>
<!-- Generated by org.testng.reporters.JUnitReportReporter -->
<testsuite hostname="LAPTOP-UTK009L5" failures="0" tests="4" name="api.testcases.UserTest" time="10.800" errors="0" timestamp="2026-03-13T16:15:37 IST" skipped="0">
  <testcase classname="api.testcases.UserTest" name="testCreateUser" time="4.888"/>
  <testcase classname="api.testcases.UserTest" name="testGetUser" time="1.402"/>
  <testcase classname="api.testcases.UserTest" name="testUpdateUser" time="3.106"/>
  <testcase classname="api.testcases.UserTest" name="testDeleteUser" time="1.404"/>
</testsuite> <!-- api.testcases.UserTest -->
