<?xml version="1.0" encoding="UTF-8"?>
<!-- Generated by org.testng.reporters.JUnitReportReporter -->
<testsuite hostname="LAPTOP-UTK009L5" failures="0" tests="12" name="api.testcases.UserTestDataDriven" time="25.920" errors="0" timestamp="2026-03-15T18:00:53 IST" skipped="0">
  <testcase classname="api.testcases.UserTestDataDriven" name="testCreateUser" time="6.621"/>
  <testcase classname="api.testcases.UserTestDataDriven" name="testCreateUser" time="1.359"/>
  <testcase classname="api.testcases.UserTestDataDriven" name="testCreateUser" time="1.378"/>
  <testcase classname="api.testcases.UserTestDataDriven" name="testGetUser" time="1.383"/>
  <testcase classname="api.testcases.UserTestDataDriven" name="testGetUser" time="1.436"/>
  <testcase classname="api.testcases.UserTestDataDriven" name="testGetUser" time="1.293"/>
  <testcase classname="api.testcases.UserTestDataDriven" name="testUpdateUser" time="2.805"/>
  <testcase classname="api.testcases.UserTestDataDriven" name="testUpdateUser" time="2.668"/>
  <testcase classname="api.testcases.UserTestDataDriven" name="testUpdateUser" time="2.722"/>
  <testcase classname="api.testcases.UserTestDataDriven" name="testDeleteUser" time="1.368"/>
  <testcase classname="api.testcases.UserTestDataDriven" name="testDeleteUser" time="1.398"/>
  <testcase classname="api.testcases.UserTestDataDriven" name="testDeleteUser" time="1.489"/>
</testsuite> <!-- api.testcases.UserTestDataDriven -->
